<?xml version="1.0" encoding="UTF-8"?>
<!-- Generated by org.testng.reporters.JUnitReportReporter -->
<testsuite hostname="DESKTOP-8M9KI26" name="com.crm.ComCast.OrgTest.CreateOrgTest" tests="1" failures="0" timestamp="25 Jan 2022 11:55:07 GMT" time="0.028" errors="0">
  <testcase name="createOrgTest" time="0.028" classname="com.crm.ComCast.OrgTest.CreateOrgTest"/>
</testsuite> <!-- com.crm.ComCast.OrgTest.CreateOrgTest -->
