<?xml version="1.0" encoding="UTF-8"?>
<!-- Generated by org.testng.reporters.JUnitReportReporter -->
<testsuite hostname="DESKTOP-8M9KI26" name="com.crm.orgTest.OrganizationTest" tests="2" failures="0" timestamp="25 Jan 2022 17:16:40 GMT" time="24.503" errors="0">
  <testcase name="modifyOrgTest" time="0.001" classname="com.crm.orgTest.OrganizationTest"/>
  <testcase name="createOrgTest" time="24.502" classname="com.crm.orgTest.OrganizationTest"/>
</testsuite> <!-- com.crm.orgTest.OrganizationTest -->
